{"level":30,"time":1591948210201,"pid":8220,"hostname":"DT007","name":"Register","msg":"registerUser, sql: [object Object]"}
{"level":30,"time":1591948210282,"pid":8220,"hostname":"DT007","name":"Register","msg":"pdfReceipt has been created for: o.perepichai@gmail.com"}
{"level":30,"time":1591949433785,"pid":3488,"hostname":"DT007","name":"Register","msg":"Pino is started"}
{"level":30,"time":1591949440862,"pid":3488,"hostname":"DT007","name":"Register","msg":"registerUser, sql: [object Object]"}
{"level":30,"time":1591949440978,"pid":3488,"hostname":"DT007","name":"Register","msg":"pdfReceipt has been created for: o.perepichai@gmail.com"}
{"level":30,"time":1591949507993,"pid":11804,"hostname":"DT007","name":"Register","msg":"Pino is started"}
{"level":30,"time":1591949515842,"pid":11804,"hostname":"DT007","name":"Register","msg":"registerUser, sql: [object Object]"}
{"level":30,"time":1591949515948,"pid":11804,"hostname":"DT007","name":"Register","msg":"pdfReceipt has been created for: o.perepichai@gmail.com"}
{"level":30,"time":1591952357279,"pid":11804,"hostname":"DT007","name":"Register","msg":"registerUser, sql: [object Object]"}
{"level":30,"time":1591952357382,"pid":11804,"hostname":"DT007","name":"Register","msg":"pdfReceipt has been created for: o.perepichai@gmail.com"}
{"level":30,"time":1591953261856,"pid":13840,"hostname":"DT007","name":"Register","msg":"Pino is started"}
{"level":30,"time":1591953277503,"pid":13320,"hostname":"DT007","name":"Register","msg":"Pino is started"}
{"level":30,"time":1591953375849,"pid":1776,"hostname":"DT007","name":"Register","msg":"Pino is started"}
{"level":30,"time":1591953398615,"pid":12876,"hostname":"DT007","name":"Register","msg":"Pino is started"}
{"level":30,"time":1591953428120,"pid":12876,"hostname":"DT007","name":"Register","msg":"registerUser, sql: [object Object]"}
{"level":30,"time":1591953428240,"pid":12876,"hostname":"DT007","name":"Register","msg":"pdfReceipt has been created for: perepichai@dinternal.com.ua"}
{"level":50,"time":1591953428241,"pid":12876,"hostname":"DT007","name":"Register","msg":"Error registerUser: TypeError: promisePool.query is not a function or its return value is not iterable"}
{"level":30,"time":1591953548120,"pid":12876,"hostname":"DT007","name":"Register","msg":"registerUser, sql: [object Object]"}
{"level":30,"time":1591953548194,"pid":12876,"hostname":"DT007","name":"Register","msg":"pdfReceipt has been created for: perepichai@dinternal.com.ua"}
{"level":50,"time":1591953548196,"pid":12876,"hostname":"DT007","name":"Register","msg":"Error registerUser: TypeError: promisePool.query is not a function or its return value is not iterable"}
{"level":30,"time":1591953667195,"pid":11164,"hostname":"DT007","name":"Register","msg":"Pino is started"}
{"level":30,"time":1591953702376,"pid":8752,"hostname":"DT007","name":"Register","msg":"Pino is started"}
{"level":30,"time":1591953719659,"pid":10228,"hostname":"DT007","name":"Register","msg":"Pino is started"}
{"level":30,"time":1591953736187,"pid":13388,"hostname":"DT007","name":"Register","msg":"Pino is started"}
{"level":30,"time":1591953745085,"pid":13388,"hostname":"DT007","name":"Register","msg":"registerUser, sql: [object Object]"}
{"level":30,"time":1591953745190,"pid":13388,"hostname":"DT007","name":"Register","msg":"pdfReceipt has been created for: perepichai@dinternal.com.ua"}
{"level":30,"time":1591953816843,"pid":13388,"hostname":"DT007","name":"Register","msg":"registerUser, sql: [object Object]"}
{"level":30,"time":1591953816924,"pid":13388,"hostname":"DT007","name":"Register","msg":"pdfReceipt has been created for: o.perepichai@gmail.com"}
{"level":30,"time":1592129931615,"pid":348,"hostname":"DT007","name":"Register","msg":"Pino is started"}
{"level":30,"time":1592129974823,"pid":348,"hostname":"DT007","name":"Register","msg":"registerUser, sql: [object Object]"}
{"level":30,"time":1592129974935,"pid":348,"hostname":"DT007","name":"Register","msg":"pdfReceipt has been created for: o.perepichai@gmail.com"}
{"level":30,"time":1592163694591,"pid":10084,"hostname":"DT007","name":"Register","msg":"Pino is started"}
{"level":30,"time":1592164050050,"pid":5744,"hostname":"DT007","name":"Register","msg":"Pino is started"}
{"level":30,"time":1592164124319,"pid":9228,"hostname":"DT007","name":"Register","msg":"Pino is started"}
{"level":30,"time":1592164169253,"pid":13620,"hostname":"DT007","name":"Register","msg":"Pino is started"}
{"level":30,"time":1592164591465,"pid":8288,"hostname":"DT007","name":"Register","msg":"Pino is started"}
{"level":30,"time":1592164620723,"pid":12868,"hostname":"DT007","name":"Register","msg":"Pino is started"}
{"level":30,"time":1592164665794,"pid":12316,"hostname":"DT007","name":"Register","msg":"Pino is started"}
{"level":30,"time":1592164914867,"pid":10916,"hostname":"DT007","name":"Register","msg":"Pino is started"}
{"level":30,"time":1592165016896,"pid":2028,"hostname":"DT007","name":"Register","msg":"Pino is started"}
{"level":30,"time":1592165041232,"pid":7680,"hostname":"DT007","name":"Register","msg":"Pino is started"}
{"level":30,"time":1592165102881,"pid":7680,"hostname":"DT007","name":"Register","msg":"registerUser, sql: [object Object]"}
{"level":30,"time":1592165282738,"pid":11500,"hostname":"DT007","name":"Register","msg":"Pino is started"}
{"level":30,"time":1592165309493,"pid":13424,"hostname":"DT007","name":"Register","msg":"Pino is started"}
{"level":30,"time":1592165327336,"pid":13424,"hostname":"DT007","name":"Register","msg":"registerUser, sql: [object Object]"}
{"level":30,"time":1592165379171,"pid":11388,"hostname":"DT007","name":"Register","msg":"Pino is started"}
{"level":30,"time":1592165460905,"pid":8508,"hostname":"DT007","name":"Register","msg":"Pino is started"}
{"level":30,"time":1592165471509,"pid":8508,"hostname":"DT007","name":"Register","msg":"registerUser, sql: [object Object]"}
{"level":30,"time":1592165526544,"pid":4204,"hostname":"DT007","name":"Register","msg":"Pino is started"}
{"level":30,"time":1592165535545,"pid":4204,"hostname":"DT007","name":"Register","msg":"registerUser, sql: [object Object]"}
{"level":30,"time":1592165810983,"pid":15600,"hostname":"DT007","name":"Register","msg":"Pino is started"}
{"level":30,"time":1592165821766,"pid":15600,"hostname":"DT007","name":"Register","msg":"registerUser, sql: [object Object]"}
{"level":30,"time":1592165866282,"pid":14080,"hostname":"DT007","name":"Register","msg":"Pino is started"}
{"level":30,"time":1592165960805,"pid":2068,"hostname":"DT007","name":"Register","msg":"Pino is started"}
{"level":30,"time":1592165973082,"pid":2068,"hostname":"DT007","name":"Register","msg":"registerUser, sql: [object Object]"}
{"level":30,"time":1592166037123,"pid":12040,"hostname":"DT007","name":"Register","msg":"Pino is started"}
{"level":30,"time":1592166084915,"pid":13136,"hostname":"DT007","name":"Register","msg":"Pino is started"}
{"level":30,"time":1592166093161,"pid":13136,"hostname":"DT007","name":"Register","msg":"registerUser, sql: [object Object]"}
{"level":30,"time":1592166178298,"pid":14444,"hostname":"DT007","name":"Register","msg":"Pino is started"}
{"level":30,"time":1592166188601,"pid":14444,"hostname":"DT007","name":"Register","msg":"registerUser, sql: [object Object]"}
{"level":30,"time":1592166576045,"pid":14444,"hostname":"DT007","name":"Register","msg":"registerUser, sql: [object Object]"}
{"level":30,"time":1592166602421,"pid":14444,"hostname":"DT007","name":"Register","msg":"registerUser, sql: [object Object]"}
{"level":30,"time":1592166614491,"pid":14444,"hostname":"DT007","name":"Register","msg":"registerUser, sql: [object Object]"}
{"level":30,"time":1592166678113,"pid":14444,"hostname":"DT007","name":"Register","msg":"registerUser, sql: [object Object]"}
{"level":30,"time":1592166712485,"pid":14444,"hostname":"DT007","name":"Register","msg":"registerUser, sql: [object Object]"}
{"level":30,"time":1592166847278,"pid":15316,"hostname":"DT007","name":"Register","msg":"Pino is started"}
{"level":30,"time":1592166876184,"pid":15316,"hostname":"DT007","name":"Register","msg":"registerUser, sql: [object Object]"}
{"level":30,"time":1592167766978,"pid":10204,"hostname":"DT007","name":"Register","msg":"Pino is started"}
{"level":30,"time":1592169451073,"pid":16528,"hostname":"DT007","name":"Register","msg":"Pino is started"}
{"level":30,"time":1592170056489,"pid":17088,"hostname":"DT007","name":"Register","msg":"Pino is started"}
{"level":30,"time":1592170082336,"pid":17352,"hostname":"DT007","name":"Register","msg":"Pino is started"}
{"level":30,"time":1592170105178,"pid":5268,"hostname":"DT007","name":"Register","msg":"Pino is started"}
{"level":30,"time":1592170153753,"pid":16872,"hostname":"DT007","name":"Register","msg":"Pino is started"}
{"level":30,"time":1592170170748,"pid":16872,"hostname":"DT007","name":"Register","msg":"registerUser, sql: [object Object]"}
{"level":30,"time":1592170170832,"pid":16872,"hostname":"DT007","name":"Register","msg":"pdfReceipt has been created for: Вебінари Dinternal Education adasdasd, id 1193"}
{"level":30,"time":1592170170974,"pid":16872,"hostname":"DT007","name":"Register","msg":"pdfContract has been created for: Вебінари Dinternal Education adasdasd, id 1193"}
{"level":30,"time":1592170297493,"pid":8632,"hostname":"DT007","name":"Register","msg":"Pino is started"}
{"level":30,"time":1592170314005,"pid":16660,"hostname":"DT007","name":"Register","msg":"Pino is started"}
{"level":30,"time":1592170342503,"pid":6724,"hostname":"DT007","name":"Register","msg":"Pino is started"}
{"level":30,"time":1592170354795,"pid":6724,"hostname":"DT007","name":"Register","msg":"registerUser, sql: [object Object]"}
{"level":30,"time":1592170354872,"pid":6724,"hostname":"DT007","name":"Register","msg":"pdfReceipt has been created for: sfsdfsdfsdfsd fsdfsdfsdfsdf, id 1194"}
{"level":30,"time":1592170354990,"pid":6724,"hostname":"DT007","name":"Register","msg":"pdfContract has been created for: sfsdfsdfsdfsd fsdfsdfsdfsdf, id 1194"}
{"level":30,"time":1592170434872,"pid":16824,"hostname":"DT007","name":"Register","msg":"Pino is started"}
{"level":30,"time":1592170460356,"pid":16824,"hostname":"DT007","name":"Register","msg":"registerUser, sql: [object Object]"}
{"level":30,"time":1592170460439,"pid":16824,"hostname":"DT007","name":"Register","msg":"pdfReceipt has been created for: Вебінари Dinternal Education test, id 1195"}
{"level":30,"time":1592170460567,"pid":16824,"hostname":"DT007","name":"Register","msg":"pdfContract has been created for: Вебінари Dinternal Education test, id 1195"}
{"level":30,"time":1592170552892,"pid":2312,"hostname":"DT007","name":"Register","msg":"Pino is started"}
{"level":30,"time":1592170595708,"pid":12572,"hostname":"DT007","name":"Register","msg":"Pino is started"}
{"level":30,"time":1592170611040,"pid":17316,"hostname":"DT007","name":"Register","msg":"Pino is started"}
{"level":30,"time":1592170624400,"pid":9924,"hostname":"DT007","name":"Register","msg":"Pino is started"}
{"level":30,"time":1592170636440,"pid":9924,"hostname":"DT007","name":"Register","msg":"registerUser, sql: [object Object]"}
{"level":30,"time":1592170636529,"pid":9924,"hostname":"DT007","name":"Register","msg":"pdfReceipt has been created for: Вебінари Dinternal Education test, id 1196"}
{"level":30,"time":1592170636656,"pid":9924,"hostname":"DT007","name":"Register","msg":"pdfContract has been created for: Вебінари Dinternal Education test, id 1196"}
{"level":30,"time":1592170794595,"pid":16156,"hostname":"DT007","name":"Register","msg":"Pino is started"}
{"level":30,"time":1592170867529,"pid":16156,"hostname":"DT007","name":"Register","msg":"registerUser, sql: [object Object]"}
{"level":30,"time":1592170867614,"pid":16156,"hostname":"DT007","name":"Register","msg":"pdfReceipt has been created for: Вебінари Dinternal Education test, id 1197"}
{"level":30,"time":1592170867741,"pid":16156,"hostname":"DT007","name":"Register","msg":"pdfContract has been created for: Вебінари Dinternal Education test, id 1197"}
{"level":30,"time":1592171013308,"pid":17216,"hostname":"DT007","name":"Register","msg":"Pino is started"}
{"level":30,"time":1592171026379,"pid":17216,"hostname":"DT007","name":"Register","msg":"registerUser, sql: [object Object]"}
{"level":30,"time":1592171026461,"pid":17216,"hostname":"DT007","name":"Register","msg":"pdfReceipt has been created for: Вебінари Dinternal Education test, id 1198"}
{"level":30,"time":1592171026597,"pid":17216,"hostname":"DT007","name":"Register","msg":"pdfContract has been created for: Вебінари Dinternal Education test, id 1198"}
{"level":30,"time":1592171057602,"pid":6056,"hostname":"DT007","name":"Register","msg":"Pino is started"}
{"level":30,"time":1592171099337,"pid":7260,"hostname":"DT007","name":"Register","msg":"Pino is started"}
{"level":30,"time":1592171113055,"pid":7260,"hostname":"DT007","name":"Register","msg":"registerUser, sql: [object Object]"}
{"level":30,"time":1592171113132,"pid":7260,"hostname":"DT007","name":"Register","msg":"pdfReceipt has been created for: Вебінари Dinternal Education test, id 1199"}
{"level":30,"time":1592171113248,"pid":7260,"hostname":"DT007","name":"Register","msg":"pdfContract has been created for: Вебінари Dinternal Education test, id 1199"}
{"level":30,"time":1592171188639,"pid":17308,"hostname":"DT007","name":"Register","msg":"Pino is started"}
{"level":30,"time":1592171215961,"pid":17308,"hostname":"DT007","name":"Register","msg":"registerUser, sql: [object Object]"}
{"level":30,"time":1592171216045,"pid":17308,"hostname":"DT007","name":"Register","msg":"pdfReceipt has been created for: Вебінари Dinternal Education test, id 1200"}
{"level":30,"time":1592171216182,"pid":17308,"hostname":"DT007","name":"Register","msg":"pdfContract has been created for: Вебінари Dinternal Education test, id 1200"}
{"level":30,"time":1592171249423,"pid":1236,"hostname":"DT007","name":"Register","msg":"Pino is started"}
{"level":30,"time":1592171261422,"pid":9060,"hostname":"DT007","name":"Register","msg":"Pino is started"}
{"level":30,"time":1592171272450,"pid":9060,"hostname":"DT007","name":"Register","msg":"registerUser, sql: [object Object]"}
{"level":30,"time":1592171272527,"pid":9060,"hostname":"DT007","name":"Register","msg":"pdfReceipt has been created for: Вебінари Dinternal Education test, id 1201"}
{"level":30,"time":1592171272639,"pid":9060,"hostname":"DT007","name":"Register","msg":"pdfContract has been created for: Вебінари Dinternal Education test, id 1201"}
{"level":30,"time":1592171418661,"pid":14512,"hostname":"DT007","name":"Register","msg":"Pino is started"}
{"level":30,"time":1592171447772,"pid":17144,"hostname":"DT007","name":"Register","msg":"Pino is started"}
{"level":30,"time":1592171468911,"pid":17144,"hostname":"DT007","name":"Register","msg":"registerUser, sql: [object Object]"}
{"level":30,"time":1592171468997,"pid":17144,"hostname":"DT007","name":"Register","msg":"pdfReceipt has been created for: Вебінари Dinternal Education test, id 1202"}
{"level":30,"time":1592171469117,"pid":17144,"hostname":"DT007","name":"Register","msg":"pdfContract has been created for: Вебінари Dinternal Education test, id 1202"}
{"level":30,"time":1592171679910,"pid":17144,"hostname":"DT007","name":"Register","msg":"registerUser, sql: [object Object]"}
{"level":30,"time":1592171679946,"pid":17144,"hostname":"DT007","name":"Register","msg":"pdfReceipt has been created for: Вебінари Dinternal Education test, id 1203"}
{"level":30,"time":1592171680035,"pid":17144,"hostname":"DT007","name":"Register","msg":"pdfContract has been created for: Вебінари Dinternal Education test, id 1203"}
{"level":30,"time":1592171717816,"pid":17144,"hostname":"DT007","name":"Register","msg":"registerUser, sql: [object Object]"}
{"level":30,"time":1592171717858,"pid":17144,"hostname":"DT007","name":"Register","msg":"pdfReceipt has been created for: Вебінари Dinternal Education test, id 1204"}
{"level":30,"time":1592171717952,"pid":17144,"hostname":"DT007","name":"Register","msg":"pdfContract has been created for: Вебінари Dinternal Education test, id 1204"}
{"level":30,"time":1592172769678,"pid":12980,"hostname":"DT007","name":"Register","msg":"Pino is started"}
{"level":30,"time":1592173351009,"pid":9708,"hostname":"DT007","name":"Register","msg":"Pino is started"}
{"level":30,"time":1592231343621,"pid":4480,"hostname":"DT007","name":"Register","msg":"Pino is started"}
{"level":30,"time":1592231374988,"pid":4480,"hostname":"DT007","name":"Register","msg":"registerUser, sql: [object Object]"}
{"level":30,"time":1592231375113,"pid":4480,"hostname":"DT007","name":"Register","msg":"pdfReceipt has been created for: Вебінари Dinternal Education test, id 1205"}
{"level":30,"time":1592231375249,"pid":4480,"hostname":"DT007","name":"Register","msg":"pdfContract has been created for: Вебінари Dinternal Education test, id 1205"}
{"level":30,"time":1592231537773,"pid":16940,"hostname":"DT007","name":"Register","msg":"Pino is started"}
{"level":30,"time":1592231551973,"pid":16940,"hostname":"DT007","name":"Register","msg":"registerUser, sql: [object Object]"}
{"level":30,"time":1592231552081,"pid":16940,"hostname":"DT007","name":"Register","msg":"pdfReceipt has been created for: Вебінари Dinternal Education test, id 1206"}
{"level":30,"time":1592231552196,"pid":16940,"hostname":"DT007","name":"Register","msg":"pdfContract has been created for: Вебінари Dinternal Education test, id 1206"}
{"level":30,"time":1592231583760,"pid":15520,"hostname":"DT007","name":"Register","msg":"Pino is started"}
{"level":30,"time":1592231602682,"pid":15520,"hostname":"DT007","name":"Register","msg":"registerUser, sql: [object Object]"}
{"level":30,"time":1592231602786,"pid":15520,"hostname":"DT007","name":"Register","msg":"pdfReceipt has been created for: Вебінари Dinternal Education test, id 1207"}
{"level":30,"time":1592231602919,"pid":15520,"hostname":"DT007","name":"Register","msg":"pdfContract has been created for: Вебінари Dinternal Education test, id 1207"}
{"level":30,"time":1592231631346,"pid":1480,"hostname":"DT007","name":"Register","msg":"Pino is started"}
{"level":30,"time":1592231643819,"pid":1480,"hostname":"DT007","name":"Register","msg":"registerUser, sql: [object Object]"}
{"level":30,"time":1592231643917,"pid":1480,"hostname":"DT007","name":"Register","msg":"pdfReceipt has been created for: Вебінари Dinternal Education test, id 1208"}
{"level":30,"time":1592231644047,"pid":1480,"hostname":"DT007","name":"Register","msg":"pdfContract has been created for: Вебінари Dinternal Education test, id 1208"}
{"level":30,"time":1592231719258,"pid":15644,"hostname":"DT007","name":"Register","msg":"Pino is started"}
{"level":30,"time":1592231739681,"pid":15644,"hostname":"DT007","name":"Register","msg":"registerUser, sql: [object Object]"}
{"level":30,"time":1592231739783,"pid":15644,"hostname":"DT007","name":"Register","msg":"pdfReceipt has been created for: Вебінари Dinternal Education test, id 1209"}
{"level":30,"time":1592231739914,"pid":15644,"hostname":"DT007","name":"Register","msg":"pdfContract has been created for: Вебінари Dinternal Education test, id 1209"}
{"level":30,"time":1592231762035,"pid":11280,"hostname":"DT007","name":"Register","msg":"Pino is started"}
{"level":30,"time":1592231832809,"pid":11280,"hostname":"DT007","name":"Register","msg":"registerUser, sql: [object Object]"}
{"level":30,"time":1592231832915,"pid":11280,"hostname":"DT007","name":"Register","msg":"pdfReceipt has been created for: Вебінари Dinternal Education test, id 1210"}
{"level":30,"time":1592231833037,"pid":11280,"hostname":"DT007","name":"Register","msg":"pdfContract has been created for: Вебінари Dinternal Education test, id 1210"}
{"level":30,"time":1592231879256,"pid":11504,"hostname":"DT007","name":"Register","msg":"Pino is started"}
{"level":30,"time":1592231891761,"pid":11504,"hostname":"DT007","name":"Register","msg":"registerUser, sql: [object Object]"}
{"level":30,"time":1592231891865,"pid":11504,"hostname":"DT007","name":"Register","msg":"pdfReceipt has been created for: Вебінари Dinternal Education test, id 1211"}
{"level":30,"time":1592231891993,"pid":11504,"hostname":"DT007","name":"Register","msg":"pdfContract has been created for: Вебінари Dinternal Education test, id 1211"}
{"level":30,"time":1592231909512,"pid":16924,"hostname":"DT007","name":"Register","msg":"Pino is started"}
{"level":30,"time":1592231925704,"pid":16924,"hostname":"DT007","name":"Register","msg":"registerUser, sql: [object Object]"}
{"level":30,"time":1592231925806,"pid":16924,"hostname":"DT007","name":"Register","msg":"pdfReceipt has been created for: Вебінари Dinternal Education test, id 1212"}
{"level":30,"time":1592231925921,"pid":16924,"hostname":"DT007","name":"Register","msg":"pdfContract has been created for: Вебінари Dinternal Education test, id 1212"}
{"level":30,"time":1592232154226,"pid":16944,"hostname":"DT007","name":"Register","msg":"Pino is started"}
{"level":30,"time":1592232168239,"pid":16944,"hostname":"DT007","name":"Register","msg":"registerUser, sql: [object Object]"}
{"level":30,"time":1592232168340,"pid":16944,"hostname":"DT007","name":"Register","msg":"pdfReceipt has been created for: Вебінари Dinternal Education test, id 1213"}
{"level":30,"time":1592232168452,"pid":16944,"hostname":"DT007","name":"Register","msg":"pdfContract has been created for: Вебінари Dinternal Education test, id 1213"}
{"level":30,"time":1592232219057,"pid":9456,"hostname":"DT007","name":"Register","msg":"Pino is started"}
{"level":30,"time":1592232244554,"pid":13336,"hostname":"DT007","name":"Register","msg":"Pino is started"}
{"level":30,"time":1592232261338,"pid":13336,"hostname":"DT007","name":"Register","msg":"registerUser, sql: [object Object]"}
{"level":30,"time":1592232261442,"pid":13336,"hostname":"DT007","name":"Register","msg":"pdfReceipt has been created for: Вебінари Dinternal Education test, id 1214"}
{"level":30,"time":1592232261558,"pid":13336,"hostname":"DT007","name":"Register","msg":"pdfContract has been created for: Вебінари Dinternal Education test, id 1214"}
{"level":30,"time":1592287856976,"pid":14372,"hostname":"DT007","name":"Register","msg":"Pino is started"}
{"level":30,"time":1592301262533,"pid":19884,"hostname":"DT007","name":"Register","msg":"Pino is started"}
{"level":30,"time":1592301408483,"pid":7136,"hostname":"DT007","name":"Register","msg":"Pino is started"}
{"level":30,"time":1592301449778,"pid":7136,"hostname":"DT007","name":"Register","msg":"registerUser, sql: [object Object]"}
{"level":30,"time":1592301449885,"pid":7136,"hostname":"DT007","name":"Register","msg":"pdfReceipt has been created for: Вебінари Dinternal Education test, id 1215"}
{"level":30,"time":1592301450033,"pid":7136,"hostname":"DT007","name":"Register","msg":"pdfContract has been created for: Вебінари Dinternal Education test, id 1215"}
{"level":30,"time":1592301612672,"pid":21356,"hostname":"DT007","name":"Register","msg":"Pino is started"}
{"level":30,"time":1592301630725,"pid":21356,"hostname":"DT007","name":"Register","msg":"registerUser, sql: [object Object]"}
{"level":30,"time":1592301630823,"pid":21356,"hostname":"DT007","name":"Register","msg":"pdfReceipt has been created for: Вебінари Dinternal Education test, id 1216"}
{"level":30,"time":1592301630949,"pid":21356,"hostname":"DT007","name":"Register","msg":"pdfContract has been created for: Вебінари Dinternal Education test, id 1216"}
{"level":30,"time":1592301695828,"pid":20232,"hostname":"DT007","name":"Register","msg":"Pino is started"}
{"level":30,"time":1592301719727,"pid":20232,"hostname":"DT007","name":"Register","msg":"registerUser, sql: [object Object]"}
{"level":30,"time":1592301719830,"pid":20232,"hostname":"DT007","name":"Register","msg":"pdfReceipt has been created for: Вебінари Dinternal Education test, id 1217"}
{"level":30,"time":1592301719963,"pid":20232,"hostname":"DT007","name":"Register","msg":"pdfContract has been created for: Вебінари Dinternal Education test, id 1217"}
{"level":30,"time":1592301731899,"pid":3840,"hostname":"DT007","name":"Register","msg":"Pino is started"}
{"level":30,"time":1592302028884,"pid":3188,"hostname":"DT007","name":"Register","msg":"Pino is started"}
{"level":30,"time":1592302060745,"pid":3188,"hostname":"DT007","name":"Register","msg":"registerUser, sql: [object Object]"}
{"level":30,"time":1592302060852,"pid":3188,"hostname":"DT007","name":"Register","msg":"pdfReceipt has been created for: Вебінари Dinternal Education test, id 1218"}
{"level":30,"time":1592302060988,"pid":3188,"hostname":"DT007","name":"Register","msg":"pdfContract has been created for: Вебінари Dinternal Education test, id 1218"}
{"level":30,"time":1592302588208,"pid":18568,"hostname":"DT007","name":"Register","msg":"Pino is started"}
{"level":30,"time":1592302605923,"pid":18568,"hostname":"DT007","name":"Register","msg":"registerUser, sql: [object Object]"}
{"level":30,"time":1592302606020,"pid":18568,"hostname":"DT007","name":"Register","msg":"pdfReceipt has been created for: dfgdsfg dfgdfgdfg, id 1219"}
{"level":30,"time":1592302606149,"pid":18568,"hostname":"DT007","name":"Register","msg":"pdfContract has been created for: dfgdsfg dfgdfgdfg, id 1219"}
{"level":30,"time":1592302785150,"pid":9040,"hostname":"DT007","name":"Register","msg":"Pino is started"}
{"level":30,"time":1592302803073,"pid":9040,"hostname":"DT007","name":"Register","msg":"registerUser, sql: [object Object]"}
{"level":30,"time":1592302803180,"pid":9040,"hostname":"DT007","name":"Register","msg":"pdfReceipt has been created for: Вебінари Dinternal Education test, id 1220"}
{"level":30,"time":1592302803308,"pid":9040,"hostname":"DT007","name":"Register","msg":"pdfContract has been created for: Вебінари Dinternal Education test, id 1220"}
{"level":30,"time":1592302850974,"pid":21040,"hostname":"DT007","name":"Register","msg":"Pino is started"}
{"level":30,"time":1592304023413,"pid":21168,"hostname":"DT007","name":"Register","msg":"Pino is started"}
{"level":30,"time":1592304052374,"pid":21168,"hostname":"DT007","name":"Register","msg":"registerUser, sql: [object Object]"}
{"level":30,"time":1592304052486,"pid":21168,"hostname":"DT007","name":"Register","msg":"pdfReceipt has been created for: Вебінари Dinternal Education test, id 1221"}
{"level":30,"time":1592304052623,"pid":21168,"hostname":"DT007","name":"Register","msg":"pdfContract has been created for: Вебінари Dinternal Education test, id 1221"}
{"level":30,"time":1592307524334,"pid":12536,"hostname":"DT007","name":"Register","msg":"Pino is started"}
{"level":30,"time":1592307543307,"pid":12536,"hostname":"DT007","name":"Register","msg":"registerUser, sql: [object Object]"}
{"level":30,"time":1592307543407,"pid":12536,"hostname":"DT007","name":"Register","msg":"pdfReceipt has been created for: Вебінари Dinternal Education test, id 1222"}
{"level":30,"time":1592307543545,"pid":12536,"hostname":"DT007","name":"Register","msg":"pdfContract has been created for: Вебінари Dinternal Education test, id 1222"}
{"level":30,"time":1592307637315,"pid":6232,"hostname":"DT007","name":"Register","msg":"Pino is started"}
{"level":30,"time":1592307655742,"pid":6232,"hostname":"DT007","name":"Register","msg":"registerUser, sql: [object Object]"}
{"level":30,"time":1592307655845,"pid":6232,"hostname":"DT007","name":"Register","msg":"pdfReceipt has been created for: Вебінари Dinternal Education test, id 1223"}
{"level":30,"time":1592307655973,"pid":6232,"hostname":"DT007","name":"Register","msg":"pdfContract has been created for: Вебінари Dinternal Education test, id 1223"}
{"level":30,"time":1592307747991,"pid":20968,"hostname":"DT007","name":"Register","msg":"Pino is started"}
{"level":30,"time":1592307764066,"pid":20968,"hostname":"DT007","name":"Register","msg":"registerUser, sql: [object Object]"}
{"level":30,"time":1592307764166,"pid":20968,"hostname":"DT007","name":"Register","msg":"pdfReceipt has been created for: Вебінари Dinternal Education test, id 1224"}
{"level":30,"time":1592307764294,"pid":20968,"hostname":"DT007","name":"Register","msg":"pdfContract has been created for: Вебінари Dinternal Education test, id 1224"}
{"level":30,"time":1592307776000,"pid":8764,"hostname":"DT007","name":"Register","msg":"Pino is started"}
{"level":30,"time":1592307788903,"pid":8764,"hostname":"DT007","name":"Register","msg":"registerUser, sql: [object Object]"}
{"level":30,"time":1592307789004,"pid":8764,"hostname":"DT007","name":"Register","msg":"pdfReceipt has been created for: Вебінари Dinternal Education test, id 1225"}
{"level":30,"time":1592307789121,"pid":8764,"hostname":"DT007","name":"Register","msg":"pdfContract has been created for: Вебінари Dinternal Education test, id 1225"}
{"level":30,"time":1592307820811,"pid":21488,"hostname":"DT007","name":"Register","msg":"Pino is started"}
{"level":30,"time":1592307835392,"pid":7784,"hostname":"DT007","name":"Register","msg":"Pino is started"}
{"level":30,"time":1592307852599,"pid":7784,"hostname":"DT007","name":"Register","msg":"registerUser, sql: [object Object]"}
{"level":30,"time":1592307852700,"pid":7784,"hostname":"DT007","name":"Register","msg":"pdfReceipt has been created for: Вебінари Dinternal Education test, id 1226"}
{"level":30,"time":1592307852826,"pid":7784,"hostname":"DT007","name":"Register","msg":"pdfContract has been created for: Вебінари Dinternal Education test, id 1226"}
{"level":30,"time":1592308065525,"pid":18368,"hostname":"DT007","name":"Register","msg":"Pino is started"}
{"level":30,"time":1592308086629,"pid":18368,"hostname":"DT007","name":"Register","msg":"registerUser, sql: [object Object]"}
{"level":30,"time":1592308086735,"pid":18368,"hostname":"DT007","name":"Register","msg":"pdfReceipt has been created for: Вебінари Dinternal Education test, id 1227"}
{"level":30,"time":1592308086852,"pid":18368,"hostname":"DT007","name":"Register","msg":"pdfContract has been created for: Вебінари Dinternal Education test, id 1227"}
{"level":30,"time":1592308108423,"pid":17864,"hostname":"DT007","name":"Register","msg":"Pino is started"}
{"level":30,"time":1592308121931,"pid":17864,"hostname":"DT007","name":"Register","msg":"registerUser, sql: [object Object]"}
{"level":30,"time":1592308122030,"pid":17864,"hostname":"DT007","name":"Register","msg":"pdfReceipt has been created for: Вебінари Dinternal Education test, id 1228"}
{"level":30,"time":1592308122152,"pid":17864,"hostname":"DT007","name":"Register","msg":"pdfContract has been created for: Вебінари Dinternal Education test, id 1228"}
{"level":30,"time":1592308154454,"pid":12568,"hostname":"DT007","name":"Register","msg":"Pino is started"}
{"level":30,"time":1592308167170,"pid":12568,"hostname":"DT007","name":"Register","msg":"registerUser, sql: [object Object]"}
{"level":30,"time":1592308167269,"pid":12568,"hostname":"DT007","name":"Register","msg":"pdfReceipt has been created for: Вебінари Dinternal Education test, id 1229"}
{"level":30,"time":1592308167402,"pid":12568,"hostname":"DT007","name":"Register","msg":"pdfContract has been created for: Вебінари Dinternal Education test, id 1229"}
{"level":30,"time":1592308191066,"pid":14140,"hostname":"DT007","name":"Register","msg":"Pino is started"}
{"level":30,"time":1592308205315,"pid":14140,"hostname":"DT007","name":"Register","msg":"registerUser, sql: [object Object]"}
{"level":30,"time":1592308205414,"pid":14140,"hostname":"DT007","name":"Register","msg":"pdfReceipt has been created for: Вебінари Dinternal Education test, id 1230"}
{"level":30,"time":1592308205536,"pid":14140,"hostname":"DT007","name":"Register","msg":"pdfContract has been created for: Вебінари Dinternal Education test, id 1230"}
{"level":30,"time":1592308229252,"pid":19248,"hostname":"DT007","name":"Register","msg":"Pino is started"}
{"level":30,"time":1592309408523,"pid":14496,"hostname":"DT007","name":"Register","msg":"Pino is started"}
{"level":30,"time":1592310110939,"pid":7220,"hostname":"DT007","name":"Register","msg":"Pino is started"}
{"level":30,"time":1592310138596,"pid":7220,"hostname":"DT007","name":"Register","msg":"registerUser, sql: [object Object]"}
{"level":30,"time":1592310138699,"pid":7220,"hostname":"DT007","name":"Register","msg":"pdfReceipt has been created for: Вебінари Dinternal Education test, id 1231"}
{"level":30,"time":1592310138842,"pid":7220,"hostname":"DT007","name":"Register","msg":"pdfContract has been created for: Вебінари Dinternal Education test, id 1231"}
{"level":30,"time":1592310716377,"pid":4472,"hostname":"DT007","name":"Register","msg":"Pino is started"}
{"level":30,"time":1592310731833,"pid":4472,"hostname":"DT007","name":"Register","msg":"registerUser, sql: [object Object]"}
{"level":30,"time":1592310731934,"pid":4472,"hostname":"DT007","name":"Register","msg":"pdfReceipt has been created for: Вебінари Dinternal Education test, id 1232"}
{"level":30,"time":1592310732071,"pid":4472,"hostname":"DT007","name":"Register","msg":"pdfContract has been created for: Вебінари Dinternal Education test, id 1232"}
{"level":30,"time":1592310752464,"pid":13772,"hostname":"DT007","name":"Register","msg":"Pino is started"}
{"level":30,"time":1592310765171,"pid":13772,"hostname":"DT007","name":"Register","msg":"registerUser, sql: [object Object]"}
{"level":30,"time":1592310765274,"pid":13772,"hostname":"DT007","name":"Register","msg":"pdfReceipt has been created for: Вебінари Dinternal Education test, id 1233"}
{"level":30,"time":1592310765404,"pid":13772,"hostname":"DT007","name":"Register","msg":"pdfContract has been created for: Вебінари Dinternal Education test, id 1233"}
{"level":30,"time":1592310783836,"pid":17808,"hostname":"DT007","name":"Register","msg":"Pino is started"}
{"level":30,"time":1592311377288,"pid":4052,"hostname":"DT007","name":"Register","msg":"Pino is started"}
{"level":30,"time":1592311391471,"pid":4052,"hostname":"DT007","name":"Register","msg":"registerUser, sql: [object Object]"}
{"level":30,"time":1592311391576,"pid":4052,"hostname":"DT007","name":"Register","msg":"pdfReceipt has been created for: Вебінари Dinternal Education test, id 1234"}
{"level":30,"time":1592311391711,"pid":4052,"hostname":"DT007","name":"Register","msg":"pdfContract has been created for: Вебінари Dinternal Education test, id 1234"}
{"level":30,"time":1592311433081,"pid":12664,"hostname":"DT007","name":"Register","msg":"Pino is started"}
{"level":30,"time":1592311565896,"pid":5436,"hostname":"DT007","name":"Register","msg":"Pino is started"}
{"level":30,"time":1592311581904,"pid":11732,"hostname":"DT007","name":"Register","msg":"Pino is started"}
{"level":30,"time":1592311593255,"pid":8012,"hostname":"DT007","name":"Register","msg":"Pino is started"}
{"level":30,"time":1592311610345,"pid":8012,"hostname":"DT007","name":"Register","msg":"registerUser, sql: [object Object]"}
{"level":30,"time":1592311610451,"pid":8012,"hostname":"DT007","name":"Register","msg":"pdfReceipt has been created for: Вебінари Dinternal Education test, id 1235"}
{"level":30,"time":1592311610586,"pid":8012,"hostname":"DT007","name":"Register","msg":"pdfContract has been created for: Вебінари Dinternal Education test, id 1235"}
{"level":30,"time":1592311639795,"pid":10964,"hostname":"DT007","name":"Register","msg":"Pino is started"}
{"level":30,"time":1592311656178,"pid":10964,"hostname":"DT007","name":"Register","msg":"registerUser, sql: [object Object]"}
{"level":30,"time":1592311656281,"pid":10964,"hostname":"DT007","name":"Register","msg":"pdfReceipt has been created for: Вебінари Dinternal Education test, id 1236"}
{"level":30,"time":1592311656411,"pid":10964,"hostname":"DT007","name":"Register","msg":"pdfContract has been created for: Вебінари Dinternal Education test, id 1236"}
{"level":30,"time":1592311755326,"pid":11332,"hostname":"DT007","name":"Register","msg":"Pino is started"}
{"level":30,"time":1592311769233,"pid":11332,"hostname":"DT007","name":"Register","msg":"registerUser, sql: [object Object]"}
{"level":30,"time":1592311769335,"pid":11332,"hostname":"DT007","name":"Register","msg":"pdfReceipt has been created for: Вебінари Dinternal Education test, id 1237"}
{"level":30,"time":1592311769463,"pid":11332,"hostname":"DT007","name":"Register","msg":"pdfContract has been created for: Вебінари Dinternal Education test, id 1237"}
{"level":30,"time":1592312360309,"pid":20036,"hostname":"DT007","name":"Register","msg":"Pino is started"}
{"level":30,"time":1592312365033,"pid":17112,"hostname":"DT007","name":"Register","msg":"Pino is started"}
{"level":30,"time":1592312380750,"pid":17112,"hostname":"DT007","name":"Register","msg":"registerUser, sql: [object Object]"}
{"level":30,"time":1592312380854,"pid":17112,"hostname":"DT007","name":"Register","msg":"pdfReceipt has been created for: Вебінари Dinternal Education test, id 1238"}
{"level":30,"time":1592312380983,"pid":17112,"hostname":"DT007","name":"Register","msg":"pdfContract has been created for: Вебінари Dinternal Education test, id 1238"}
{"level":30,"time":1592312495428,"pid":14788,"hostname":"DT007","name":"Register","msg":"Pino is started"}
{"level":30,"time":1592312515267,"pid":14788,"hostname":"DT007","name":"Register","msg":"registerUser, sql: [object Object]"}
{"level":30,"time":1592312515374,"pid":14788,"hostname":"DT007","name":"Register","msg":"pdfReceipt has been created for: Вебінари Dinternal Education test, id 1239"}
{"level":30,"time":1592312515502,"pid":14788,"hostname":"DT007","name":"Register","msg":"pdfContract has been created for: Вебінари Dinternal Education test, id 1239"}
{"level":30,"time":1592312554370,"pid":132,"hostname":"DT007","name":"Register","msg":"Pino is started"}
{"level":30,"time":1592312570351,"pid":132,"hostname":"DT007","name":"Register","msg":"registerUser, sql: [object Object]"}
{"level":30,"time":1592312570453,"pid":132,"hostname":"DT007","name":"Register","msg":"pdfReceipt has been created for: Вебінари Dinternal Education test, id 1240"}
{"level":30,"time":1592312570581,"pid":132,"hostname":"DT007","name":"Register","msg":"pdfContract has been created for: Вебінари Dinternal Education test, id 1240"}
{"level":30,"time":1592312613238,"pid":11652,"hostname":"DT007","name":"Register","msg":"Pino is started"}
{"level":30,"time":1592312668293,"pid":10916,"hostname":"DT007","name":"Register","msg":"Pino is started"}
{"level":30,"time":1592312683155,"pid":10916,"hostname":"DT007","name":"Register","msg":"registerUser, sql: [object Object]"}
{"level":30,"time":1592312683257,"pid":10916,"hostname":"DT007","name":"Register","msg":"pdfReceipt has been created for: Вебінари Dinternal Education test, id 1241"}
{"level":30,"time":1592312683388,"pid":10916,"hostname":"DT007","name":"Register","msg":"pdfContract has been created for: Вебінари Dinternal Education test, id 1241"}
{"level":30,"time":1592312829982,"pid":6168,"hostname":"DT007","name":"Register","msg":"Pino is started"}
{"level":30,"time":1592312846866,"pid":6168,"hostname":"DT007","name":"Register","msg":"registerUser, sql: [object Object]"}
{"level":30,"time":1592312846970,"pid":6168,"hostname":"DT007","name":"Register","msg":"pdfReceipt has been created for: Вебінари Dinternal Education 2, id 1242"}
{"level":30,"time":1592312847088,"pid":6168,"hostname":"DT007","name":"Register","msg":"pdfContract has been created for: Вебінари Dinternal Education 2, id 1242"}
{"level":30,"time":1592312915153,"pid":15208,"hostname":"DT007","name":"Register","msg":"Pino is started"}
{"level":30,"time":1592312972570,"pid":15208,"hostname":"DT007","name":"Register","msg":"registerUser, sql: [object Object]"}
{"level":30,"time":1592312972680,"pid":15208,"hostname":"DT007","name":"Register","msg":"pdfReceipt has been created for: Вебінари Dinternal Education test, id 1243"}
{"level":30,"time":1592312972814,"pid":15208,"hostname":"DT007","name":"Register","msg":"pdfContract has been created for: Вебінари Dinternal Education test, id 1243"}
{"level":30,"time":1592313041739,"pid":8792,"hostname":"DT007","name":"Register","msg":"Pino is started"}
{"level":30,"time":1592313060842,"pid":8792,"hostname":"DT007","name":"Register","msg":"registerUser, sql: [object Object]"}
{"level":30,"time":1592313060944,"pid":8792,"hostname":"DT007","name":"Register","msg":"pdfReceipt has been created for: Вебінари Dinternal Education test, id 1244"}
{"level":30,"time":1592313061076,"pid":8792,"hostname":"DT007","name":"Register","msg":"pdfContract has been created for: Вебінари Dinternal Education test, id 1244"}
{"level":30,"time":1592313444672,"pid":1232,"hostname":"DT007","name":"Register","msg":"Pino is started"}
{"level":30,"time":1592313490792,"pid":1232,"hostname":"DT007","name":"Register","msg":"registerUser, sql: [object Object]"}
{"level":30,"time":1592313490898,"pid":1232,"hostname":"DT007","name":"Register","msg":"pdfReceipt has been created for: Вебінари Dinternal Education test, id 1245"}
{"level":30,"time":1592313491027,"pid":1232,"hostname":"DT007","name":"Register","msg":"pdfContract has been created for: Вебінари Dinternal Education test, id 1245"}
{"level":30,"time":1592313865044,"pid":5932,"hostname":"DT007","name":"Register","msg":"Pino is started"}
{"level":30,"time":1592313919193,"pid":13856,"hostname":"DT007","name":"Register","msg":"Pino is started"}
{"level":30,"time":1592313935608,"pid":13856,"hostname":"DT007","name":"Register","msg":"registerUser, sql: [object Object]"}
{"level":30,"time":1592313935715,"pid":13856,"hostname":"DT007","name":"Register","msg":"pdfReceipt has been created for: Вебінари Dinternal Education test, id 1246"}
{"level":30,"time":1592313935843,"pid":13856,"hostname":"DT007","name":"Register","msg":"pdfContract has been created for: Вебінари Dinternal Education test, id 1246"}
{"level":30,"time":1592314802495,"pid":25020,"hostname":"DT007","name":"Register","msg":"Pino is started"}
{"level":30,"time":1592314843895,"pid":25020,"hostname":"DT007","name":"Register","msg":"registerUser, sql: [object Object]"}
{"level":30,"time":1592314844012,"pid":25020,"hostname":"DT007","name":"Register","msg":"pdfReceipt has been created for: Вебінари Dinternal Education test, id 1247"}
{"level":30,"time":1592314844147,"pid":25020,"hostname":"DT007","name":"Register","msg":"pdfContract has been created for: Вебінари Dinternal Education test, id 1247"}
{"level":30,"time":1592314866167,"pid":23708,"hostname":"DT007","name":"Register","msg":"Pino is started"}
{"level":30,"time":1592314877279,"pid":23708,"hostname":"DT007","name":"Register","msg":"registerUser, sql: [object Object]"}
{"level":30,"time":1592314877381,"pid":23708,"hostname":"DT007","name":"Register","msg":"pdfReceipt has been created for: Вебінари Dinternal Education test, id 1248"}
{"level":30,"time":1592314877513,"pid":23708,"hostname":"DT007","name":"Register","msg":"pdfContract has been created for: Вебінари Dinternal Education test, id 1248"}
{"level":30,"time":1592314902455,"pid":26160,"hostname":"DT007","name":"Register","msg":"Pino is started"}
{"level":30,"time":1592314915039,"pid":26160,"hostname":"DT007","name":"Register","msg":"registerUser, sql: [object Object]"}
{"level":30,"time":1592314915141,"pid":26160,"hostname":"DT007","name":"Register","msg":"pdfReceipt has been created for: Вебінари Dinternal Education test, id 1249"}
{"level":30,"time":1592314915270,"pid":26160,"hostname":"DT007","name":"Register","msg":"pdfContract has been created for: Вебінари Dinternal Education test, id 1249"}
{"level":30,"time":1592315202835,"pid":21788,"hostname":"DT007","name":"Register","msg":"Pino is started"}
{"level":30,"time":1592315215526,"pid":21788,"hostname":"DT007","name":"Register","msg":"registerUser, sql: [object Object]"}
{"level":30,"time":1592315215643,"pid":21788,"hostname":"DT007","name":"Register","msg":"pdfReceipt has been created for: Вебінари Dinternal Education test, id 1250"}
{"level":30,"time":1592315215780,"pid":21788,"hostname":"DT007","name":"Register","msg":"pdfContract has been created for: Вебінари Dinternal Education test, id 1250"}
{"level":30,"time":1592315261001,"pid":16052,"hostname":"DT007","name":"Register","msg":"Pino is started"}
{"level":30,"time":1592315276753,"pid":16052,"hostname":"DT007","name":"Register","msg":"registerUser, sql: [object Object]"}
{"level":30,"time":1592315276855,"pid":16052,"hostname":"DT007","name":"Register","msg":"pdfReceipt has been created for: Вебінари Dinternal Education test, id 1251"}
{"level":30,"time":1592315276970,"pid":16052,"hostname":"DT007","name":"Register","msg":"pdfContract has been created for: Вебінари Dinternal Education test, id 1251"}
{"level":30,"time":1592315306978,"pid":26160,"hostname":"DT007","name":"Register","msg":"Pino is started"}
{"level":30,"time":1592315318201,"pid":26160,"hostname":"DT007","name":"Register","msg":"registerUser, sql: [object Object]"}
{"level":30,"time":1592315318300,"pid":26160,"hostname":"DT007","name":"Register","msg":"pdfReceipt has been created for: Вебінари Dinternal Education test, id 1252"}
{"level":30,"time":1592315318433,"pid":26160,"hostname":"DT007","name":"Register","msg":"pdfContract has been created for: Вебінари Dinternal Education test, id 1252"}
{"level":30,"time":1592315351163,"pid":25972,"hostname":"DT007","name":"Register","msg":"Pino is started"}
{"level":30,"time":1592315360993,"pid":25972,"hostname":"DT007","name":"Register","msg":"registerUser, sql: [object Object]"}
{"level":30,"time":1592315361109,"pid":25972,"hostname":"DT007","name":"Register","msg":"pdfReceipt has been created for: Вебінари Dinternal Education test, id 1253"}
{"level":30,"time":1592315361260,"pid":25972,"hostname":"DT007","name":"Register","msg":"pdfContract has been created for: Вебінари Dinternal Education test, id 1253"}
{"level":30,"time":1592315385712,"pid":20276,"hostname":"DT007","name":"Register","msg":"Pino is started"}
{"level":30,"time":1592315802689,"pid":12416,"hostname":"DT007","name":"Register","msg":"Pino is started"}
{"level":30,"time":1592315824686,"pid":12416,"hostname":"DT007","name":"Register","msg":"registerUser, sql: [object Object]"}
{"level":30,"time":1592315824790,"pid":12416,"hostname":"DT007","name":"Register","msg":"pdfReceipt has been created for: Вебінари Dinternal Education test, id 1254"}
{"level":30,"time":1592315824919,"pid":12416,"hostname":"DT007","name":"Register","msg":"pdfContract has been created for: Вебінари Dinternal Education test, id 1254"}
{"level":30,"time":1592317938578,"pid":17776,"hostname":"DT007","name":"Register","msg":"Pino is started"}
{"level":30,"time":1592317959516,"pid":17776,"hostname":"DT007","name":"Register","msg":"registerUser, sql: [object Object]"}
{"level":30,"time":1592317959615,"pid":17776,"hostname":"DT007","name":"Register","msg":"pdfReceipt has been created for: Вебінари Dinternal Education test, id 1255"}
{"level":30,"time":1592317959751,"pid":17776,"hostname":"DT007","name":"Register","msg":"pdfContract has been created for: Вебінари Dinternal Education test, id 1255"}
{"level":30,"time":1592317989617,"pid":12472,"hostname":"DT007","name":"Register","msg":"Pino is started"}
{"level":30,"time":1592318039432,"pid":12472,"hostname":"DT007","name":"Register","msg":"registerUser, sql: [object Object]"}
{"level":30,"time":1592318039535,"pid":12472,"hostname":"DT007","name":"Register","msg":"pdfReceipt has been created for: Вебінари Dinternal Education test, id 1256"}
{"level":30,"time":1592318039668,"pid":12472,"hostname":"DT007","name":"Register","msg":"pdfContract has been created for: Вебінари Dinternal Education test, id 1256"}
{"level":30,"time":1592318080278,"pid":22572,"hostname":"DT007","name":"Register","msg":"Pino is started"}
{"level":30,"time":1592318099865,"pid":22572,"hostname":"DT007","name":"Register","msg":"registerUser, sql: [object Object]"}
{"level":30,"time":1592318099967,"pid":22572,"hostname":"DT007","name":"Register","msg":"pdfReceipt has been created for: Вебінари Dinternal Education test, id 1257"}
{"level":30,"time":1592318100089,"pid":22572,"hostname":"DT007","name":"Register","msg":"pdfContract has been created for: Вебінари Dinternal Education test, id 1257"}
{"level":30,"time":1592318225442,"pid":15516,"hostname":"DT007","name":"Register","msg":"Pino is started"}
{"level":30,"time":1592318230229,"pid":18452,"hostname":"DT007","name":"Register","msg":"Pino is started"}
{"level":30,"time":1592318250659,"pid":18452,"hostname":"DT007","name":"Register","msg":"registerUser, sql: [object Object]"}
{"level":30,"time":1592318250759,"pid":18452,"hostname":"DT007","name":"Register","msg":"pdfReceipt has been created for: Вебінари Dinternal Education test, id 1258"}
{"level":30,"time":1592318250890,"pid":18452,"hostname":"DT007","name":"Register","msg":"pdfContract has been created for: Вебінари Dinternal Education test, id 1258"}
{"level":30,"time":1592318282154,"pid":14028,"hostname":"DT007","name":"Register","msg":"Pino is started"}
{"level":30,"time":1592318292427,"pid":14028,"hostname":"DT007","name":"Register","msg":"registerUser, sql: [object Object]"}
{"level":30,"time":1592318292527,"pid":14028,"hostname":"DT007","name":"Register","msg":"pdfReceipt has been created for: Вебінари Dinternal Education test, id 1259"}
{"level":30,"time":1592318292652,"pid":14028,"hostname":"DT007","name":"Register","msg":"pdfContract has been created for: Вебінари Dinternal Education test, id 1259"}
{"level":30,"time":1592318494756,"pid":9424,"hostname":"DT007","name":"Register","msg":"Pino is started"}
{"level":30,"time":1592318504397,"pid":9424,"hostname":"DT007","name":"Register","msg":"registerUser, sql: [object Object]"}
{"level":30,"time":1592318504495,"pid":9424,"hostname":"DT007","name":"Register","msg":"pdfReceipt has been created for: Вебінари Dinternal Education test, id 1260"}
{"level":30,"time":1592318504625,"pid":9424,"hostname":"DT007","name":"Register","msg":"pdfContract has been created for: Вебінари Dinternal Education test, id 1260"}
{"level":30,"time":1592318522171,"pid":17988,"hostname":"DT007","name":"Register","msg":"Pino is started"}
{"level":30,"time":1592318530657,"pid":17988,"hostname":"DT007","name":"Register","msg":"registerUser, sql: [object Object]"}
{"level":30,"time":1592318530751,"pid":17988,"hostname":"DT007","name":"Register","msg":"pdfReceipt has been created for: Вебінари Dinternal Education test, id 1261"}
{"level":30,"time":1592318530868,"pid":17988,"hostname":"DT007","name":"Register","msg":"pdfContract has been created for: Вебінари Dinternal Education test, id 1261"}
{"level":30,"time":1592318544149,"pid":8128,"hostname":"DT007","name":"Register","msg":"Pino is started"}
{"level":30,"time":1592318552707,"pid":8128,"hostname":"DT007","name":"Register","msg":"registerUser, sql: [object Object]"}
{"level":30,"time":1592318552797,"pid":8128,"hostname":"DT007","name":"Register","msg":"pdfReceipt has been created for: Вебінари Dinternal Education test, id 1262"}
{"level":30,"time":1592318552919,"pid":8128,"hostname":"DT007","name":"Register","msg":"pdfContract has been created for: Вебінари Dinternal Education test, id 1262"}
{"level":30,"time":1592319747668,"pid":24368,"hostname":"DT007","name":"Register","msg":"Pino is started"}
{"level":30,"time":1592319764253,"pid":24368,"hostname":"DT007","name":"Register","msg":"registerUser, sql: [object Object]"}
{"level":30,"time":1592319764353,"pid":24368,"hostname":"DT007","name":"Register","msg":"pdfReceipt has been created for: Dinternal Education test, id 1263"}
{"level":30,"time":1592319764476,"pid":24368,"hostname":"DT007","name":"Register","msg":"pdfContract has been created for: Dinternal Education test, id 1263"}
{"level":30,"time":1592319803206,"pid":21284,"hostname":"DT007","name":"Register","msg":"Pino is started"}
{"level":30,"time":1592319810457,"pid":19508,"hostname":"DT007","name":"Register","msg":"Pino is started"}
{"level":30,"time":1592319817943,"pid":19508,"hostname":"DT007","name":"Register","msg":"registerUser, sql: [object Object]"}
{"level":30,"time":1592319818038,"pid":19508,"hostname":"DT007","name":"Register","msg":"pdfReceipt has been created for: Вебінари Dinternal Education test, id 1264"}
{"level":30,"time":1592319818152,"pid":19508,"hostname":"DT007","name":"Register","msg":"pdfContract has been created for: Вебінари Dinternal Education test, id 1264"}
{"level":30,"time":1592319835577,"pid":26432,"hostname":"DT007","name":"Register","msg":"Pino is started"}
{"level":30,"time":1592319854478,"pid":26432,"hostname":"DT007","name":"Register","msg":"registerUser, sql: [object Object]"}
{"level":30,"time":1592319854579,"pid":26432,"hostname":"DT007","name":"Register","msg":"pdfReceipt has been created for: Dinternal Education test, id 1265"}
{"level":30,"time":1592319854707,"pid":26432,"hostname":"DT007","name":"Register","msg":"pdfContract has been created for: Dinternal Education test, id 1265"}
{"level":30,"time":1592376393844,"pid":26048,"hostname":"DT007","name":"Register","msg":"Pino is started"}
{"level":30,"time":1592376418809,"pid":26048,"hostname":"DT007","name":"Register","msg":"registerUser, sql: [object Object]"}
{"level":30,"time":1592376418913,"pid":26048,"hostname":"DT007","name":"Register","msg":"pdfReceipt has been created for: test test, id 1266"}
{"level":30,"time":1592376419049,"pid":26048,"hostname":"DT007","name":"Register","msg":"pdfContract has been created for: test test, id 1266"}
{"level":30,"time":1592376704004,"pid":6568,"hostname":"DT007","name":"Register","msg":"Pino is started"}
{"level":30,"time":1592376723442,"pid":6568,"hostname":"DT007","name":"Register","msg":"registerUser, sql: [object Object]"}
{"level":30,"time":1592376723553,"pid":6568,"hostname":"DT007","name":"Register","msg":"pdfReceipt has been created for: Вебінари Dinternal Education test, id 1267"}
{"level":30,"time":1592376723679,"pid":6568,"hostname":"DT007","name":"Register","msg":"pdfContract has been created for: Вебінари Dinternal Education test, id 1267"}
{"level":30,"time":1592376761499,"pid":26036,"hostname":"DT007","name":"Register","msg":"Pino is started"}
{"level":30,"time":1592376778689,"pid":26036,"hostname":"DT007","name":"Register","msg":"registerUser, sql: [object Object]"}
{"level":30,"time":1592376778794,"pid":26036,"hostname":"DT007","name":"Register","msg":"pdfReceipt has been created for: Вебінари Dinternal Education test, id 1268"}
{"level":30,"time":1592376778916,"pid":26036,"hostname":"DT007","name":"Register","msg":"pdfContract has been created for: Вебінари Dinternal Education test, id 1268"}
{"level":30,"time":1592377032208,"pid":5928,"hostname":"DT007","name":"Register","msg":"Pino is started"}
{"level":30,"time":1592377079290,"pid":5928,"hostname":"DT007","name":"Register","msg":"registerUser, sql: [object Object]"}
{"level":30,"time":1592377079389,"pid":5928,"hostname":"DT007","name":"Register","msg":"pdfReceipt has been created for: Вебінари Dinternal Education test, id 1269"}
{"level":30,"time":1592377079511,"pid":5928,"hostname":"DT007","name":"Register","msg":"pdfContract has been created for: Вебінари Dinternal Education test, id 1269"}
{"level":30,"time":1592377178694,"pid":9548,"hostname":"DT007","name":"Register","msg":"Pino is started"}
{"level":30,"time":1592377187524,"pid":9548,"hostname":"DT007","name":"Register","msg":"registerUser, sql: [object Object]"}
{"level":30,"time":1592377187614,"pid":9548,"hostname":"DT007","name":"Register","msg":"pdfReceipt has been created for: Вебінари Dinternal Education test, id 1270"}
{"level":30,"time":1592377187730,"pid":9548,"hostname":"DT007","name":"Register","msg":"pdfContract has been created for: Вебінари Dinternal Education test, id 1270"}
{"level":30,"time":1592377576456,"pid":8676,"hostname":"DT007","name":"Register","msg":"Pino is started"}
{"level":30,"time":1592377642995,"pid":1256,"hostname":"DT007","name":"Register","msg":"Pino is started"}
{"level":30,"time":1592377750494,"pid":12404,"hostname":"DT007","name":"Register","msg":"Pino is started"}
{"level":30,"time":1592378064498,"pid":25952,"hostname":"DT007","name":"Register","msg":"Pino is started"}
{"level":30,"time":1592378354043,"pid":26148,"hostname":"DT007","name":"Register","msg":"Pino is started"}
{"level":30,"time":1592378621498,"pid":19516,"hostname":"DT007","name":"Register","msg":"Pino is started"}
{"level":30,"time":1592378747232,"pid":25832,"hostname":"DT007","name":"Register","msg":"Pino is started"}
{"level":30,"time":1592380614249,"pid":19884,"hostname":"DT007","name":"Register","msg":"Pino is started"}
{"level":30,"time":1592380631239,"pid":15976,"hostname":"DT007","name":"Register","msg":"Pino is started"}
{"level":30,"time":1592380667750,"pid":15976,"hostname":"DT007","name":"Register","msg":"registerUser, sql: [object Object]"}
{"level":30,"time":1592380667887,"pid":15976,"hostname":"DT007","name":"Register","msg":"pdfReceipt has been created for: test test2, id 1271"}
{"level":30,"time":1592380668028,"pid":15976,"hostname":"DT007","name":"Register","msg":"pdfContract has been created for: test test2, id 1271"}
{"level":30,"time":1592380728428,"pid":23296,"hostname":"DT007","name":"Register","msg":"Pino is started"}
{"level":30,"time":1592380744788,"pid":23296,"hostname":"DT007","name":"Register","msg":"registerUser, sql: [object Object]"}
{"level":30,"time":1592380744887,"pid":23296,"hostname":"DT007","name":"Register","msg":"pdfReceipt has been created for: test test2, id 1272"}
{"level":30,"time":1592380745026,"pid":23296,"hostname":"DT007","name":"Register","msg":"pdfContract has been created for: test test2, id 1272"}
{"level":30,"time":1592380793509,"pid":12416,"hostname":"DT007","name":"Register","msg":"Pino is started"}
{"level":30,"time":1592380811267,"pid":12416,"hostname":"DT007","name":"Register","msg":"registerUser, sql: [object Object]"}
{"level":30,"time":1592380811366,"pid":12416,"hostname":"DT007","name":"Register","msg":"pdfReceipt has been created for: test test2, id 1273"}
{"level":30,"time":1592380811499,"pid":12416,"hostname":"DT007","name":"Register","msg":"pdfContract has been created for: test test2, id 1273"}
{"level":30,"time":1592380860184,"pid":18148,"hostname":"DT007","name":"Register","msg":"Pino is started"}
{"level":30,"time":1592380878060,"pid":20660,"hostname":"DT007","name":"Register","msg":"Pino is started"}
{"level":30,"time":1592380917187,"pid":20660,"hostname":"DT007","name":"Register","msg":"registerUser, sql: [object Object]"}
{"level":30,"time":1592380917288,"pid":20660,"hostname":"DT007","name":"Register","msg":"pdfReceipt has been created for: test test2, id 1274"}
{"level":30,"time":1592380917428,"pid":20660,"hostname":"DT007","name":"Register","msg":"pdfContract has been created for: test test2, id 1274"}
{"level":30,"time":1592380943040,"pid":10068,"hostname":"DT007","name":"Register","msg":"Pino is started"}
{"level":30,"time":1602586407352,"pid":992,"hostname":"DESKTOP-5GQUAVN","name":"Register","msg":"Pino is started"}
{"level":30,"time":1602683469785,"pid":11192,"hostname":"DESKTOP-5GQUAVN","name":"Register","msg":"Pino is started"}
{"level":30,"time":1602683519713,"pid":9784,"hostname":"DESKTOP-5GQUAVN","name":"Register","msg":"Pino is started"}
{"level":30,"time":1602684230210,"pid":7684,"hostname":"DESKTOP-5GQUAVN","name":"Register","msg":"Pino is started"}
{"level":30,"time":1602933180785,"pid":12816,"hostname":"DESKTOP-5GQUAVN","name":"Register","msg":"Pino is started"}
{"level":30,"time":1602933270309,"pid":7392,"hostname":"DESKTOP-5GQUAVN","name":"Register","msg":"Pino is started"}
{"level":30,"time":1602933740575,"pid":6232,"hostname":"DESKTOP-5GQUAVN","name":"Register","msg":"Pino is started"}
{"level":30,"time":1605113467475,"pid":10488,"hostname":"DESKTOP-5GQUAVN","name":"Register","msg":"Pino is started"}
{"level":30,"time":1605114032534,"pid":10604,"hostname":"DESKTOP-5GQUAVN","name":"Register","msg":"Pino is started"}
{"level":30,"time":1605114295972,"pid":3080,"hostname":"DESKTOP-5GQUAVN","name":"Register","msg":"Pino is started"}
{"level":30,"time":1605114383017,"pid":4668,"hostname":"DESKTOP-5GQUAVN","name":"Register","msg":"Pino is started"}
{"level":30,"time":1605114420134,"pid":8456,"hostname":"DESKTOP-5GQUAVN","name":"Register","msg":"Pino is started"}
{"level":30,"time":1605114984909,"pid":11988,"hostname":"DESKTOP-5GQUAVN","name":"Register","msg":"Pino is started"}
